# JRE version: OpenJDK Runtime Environment Temurin-21.0.8+9 (21.0.8+9) (build 21.0.8+9-LTS)
# Java VM: OpenJDK 64-Bit Server VM Temurin-21.0.8+9 (21.0.8+9-LTS, mixed mode, sharing, tiered, compressed oops, compressed class ptrs, parallel gc, windows-amd64)
GC Precious Log:
 CardTable entry size: 512
 CPUs: 2 total, 2 available
 Memory: 11709M
 Large Page Support: Disabled
 NUMA Support: Disabled
 Compressed Oops: Enabled (32-bit)
 Alignments: Space 512K, Generation 512K, Heap 2M
 Heap Min Capacity: 100M
 Heap Initial Capacity: 100M
 Heap Max Capacity: 2G
 Pre-touch: Disabled
 Parallel Workers: 2
Heap:
 PSYoungGen      total 7680K, used 3488K [0x00000000d5580000, 0x00000000d5e00000, 0x0000000100000000)
  eden space 6656K, 42% used [0x00000000d5580000,0x00000000d58441a0,0x00000000d5c00000)
  from space 1024K, 64% used [0x00000000d5c00000,0x00000000d5ca4140,0x00000000d5d00000)
  to   space 1024K, 0% used [0x00000000d5d00000,0x00000000d5d00000,0x00000000d5e00000)
 ParOldGen       total 810496K, used 810096K [0x0000000080000000, 0x00000000b1780000, 0x00000000d5580000)
  object space 810496K, 99% used [0x0000000080000000,0x00000000b171c0d0,0x00000000b1780000)
 Metaspace       used 94909K, committed 96448K, reserved 1179648K
  class space    used 9226K, committed 9920K, reserved 1048576K
GC Heap History (20 events):
Event: 30179.369 GC heap before
{Heap before GC invocations=15617 (full 11):
 PSYoungGen      total 6144K, used 5469K [0x00000000d5580000, 0x00000000d5d00000, 0x0000000100000000)
  eden space 5632K, 88% used [0x00000000d5580000,0x00000000d5a5a978,0x00000000d5b00000)
  from space 512K, 97% used [0x00000000d5c00000,0x00000000d5c7cb20,0x00000000d5c80000)
  to   space 512K, 0% used [0x00000000d5c80000,0x00000000d5c80000,0x00000000d5d00000)
 ParOldGen       total 805376K, used 805228K [0x0000000080000000, 0x00000000b1280000, 0x00000000d5580000)
  object space 805376K, 99% used [0x0000000080000000,0x00000000b125b1e8,0x00000000b1280000)
 Metaspace       used 94908K, committed 96448K, reserved 1179648K
  class space    used 9226K, committed 9920K, reserved 1048576K
}
Event: 30179.373 GC heap after
{Heap after GC invocations=15617 (full 11):
 PSYoungGen      total 6144K, used 128K [0x00000000d5580000, 0x00000000d5d00000, 0x0000000100000000)
  eden space 5632K, 0% used [0x00000000d5580000,0x00000000d5580000,0x00000000d5b00000)
  from space 512K, 25% used [0x00000000d5c80000,0x00000000d5ca0000,0x00000000d5d00000)
  to   space 512K, 0% used [0x00000000d5c00000,0x00000000d5c00000,0x00000000d5c80000)
 ParOldGen       total 805376K, used 805236K [0x0000000080000000, 0x00000000b1280000, 0x00000000d5580000)
  object space 805376K, 99% used [0x0000000080000000,0x00000000b125d1e8,0x00000000b1280000)
 Metaspace       used 94908K, committed 96448K, reserved 1179648K
  class space    used 9226K, committed 9920K, reserved 1048576K
}
Event: 30179.389 GC heap before
{Heap before GC invocations=15618 (full 11):
 PSYoungGen      total 6144K, used 5760K [0x00000000d5580000, 0x00000000d5d00000, 0x0000000100000000)
  eden space 5632K, 100% used [0x00000000d5580000,0x00000000d5b00000,0x00000000d5b00000)
  from space 512K, 25% used [0x00000000d5c80000,0x00000000d5ca0000,0x00000000d5d00000)
  to   space 512K, 0% used [0x00000000d5c00000,0x00000000d5c00000,0x00000000d5c80000)
 ParOldGen       total 805376K, used 805236K [0x0000000080000000, 0x00000000b1280000, 0x00000000d5580000)
  object space 805376K, 99% used [0x0000000080000000,0x00000000b125d1e8,0x00000000b1280000)
 Metaspace       used 94908K, committed 96448K, reserved 1179648K
  class space    used 9226K, committed 9920K, reserved 1048576K
}
Event: 30179.393 GC heap after
{Heap after GC invocations=15618 (full 11):
 PSYoungGen      total 6144K, used 352K [0x00000000d5580000, 0x00000000d5d00000, 0x0000000100000000)
  eden space 5632K, 0% used [0x00000000d5580000,0x00000000d5580000,0x00000000d5b00000)
  from space 512K, 68% used [0x00000000d5c00000,0x00000000d5c58000,0x00000000d5c80000)
  to   space 512K, 0% used [0x00000000d5c80000,0x00000000d5c80000,0x00000000d5d00000)
 ParOldGen       total 805376K, used 805289K [0x0000000080000000, 0x00000000b1280000, 0x00000000d5580000)
  object space 805376K, 99% used [0x0000000080000000,0x00000000b126a668,0x00000000b1280000)
 Metaspace       used 94908K, committed 96448K, reserved 1179648K
  class space    used 9226K, committed 9920K, reserved 1048576K
}
Event: 30179.407 GC heap before
{Heap before GC invocations=15619 (full 11):
 PSYoungGen      total 6144K, used 4602K [0x00000000d5580000, 0x00000000d5d00000, 0x0000000100000000)
  eden space 5632K, 75% used [0x00000000d5580000,0x00000000d59a6b50,0x00000000d5b00000)
  from space 512K, 68% used [0x00000000d5c00000,0x00000000d5c58000,0x00000000d5c80000)
  to   space 512K, 0% used [0x00000000d5c80000,0x00000000d5c80000,0x00000000d5d00000)
 ParOldGen       total 805376K, used 805289K [0x0000000080000000, 0x00000000b1280000, 0x00000000d5580000)
  object space 805376K, 99% used [0x0000000080000000,0x00000000b126a668,0x00000000b1280000)
 Metaspace       used 94908K, committed 96448K, reserved 1179648K
  class space    used 9226K, committed 9920K, reserved 1048576K
}
Event: 30179.412 GC heap after
{Heap after GC invocations=15619 (full 11):
 PSYoungGen      total 6656K, used 512K [0x00000000d5580000, 0x00000000d5e80000, 0x0000000100000000)
  eden space 6144K, 0% used [0x00000000d5580000,0x00000000d5580000,0x00000000d5b80000)
  from space 512K, 100% used [0x00000000d5c80000,0x00000000d5d00000,0x00000000d5d00000)
  to   space 1024K, 0% used [0x00000000d5b80000,0x00000000d5b80000,0x00000000d5c80000)
 ParOldGen       total 805888K, used 805633K [0x0000000080000000, 0x00000000b1300000, 0x00000000d5580000)
  object space 805888K, 99% used [0x0000000080000000,0x00000000b12c0668,0x00000000b1300000)
 Metaspace       used 94908K, committed 96448K, reserved 1179648K
  class space    used 9226K, committed 9920K, reserved 1048576K
}
Event: 30179.428 GC heap before
{Heap before GC invocations=15620 (full 11):
 PSYoungGen      total 6656K, used 6540K [0x00000000d5580000, 0x00000000d5e80000, 0x0000000100000000)
  eden space 6144K, 98% used [0x00000000d5580000,0x00000000d5b630f8,0x00000000d5b80000)
  from space 512K, 100% used [0x00000000d5c80000,0x00000000d5d00000,0x00000000d5d00000)
  to   space 1024K, 0% used [0x00000000d5b80000,0x00000000d5b80000,0x00000000d5c80000)
 ParOldGen       total 805888K, used 805633K [0x0000000080000000, 0x00000000b1300000, 0x00000000d5580000)
  object space 805888K, 99% used [0x0000000080000000,0x00000000b12c0668,0x00000000b1300000)
 Metaspace       used 94908K, committed 96448K, reserved 1179648K
  class space    used 9226K, committed 9920K, reserved 1048576K
}
Event: 30179.434 GC heap after
{Heap after GC invocations=15620 (full 11):
 PSYoungGen      total 7168K, used 96K [0x00000000d5580000, 0x00000000d5e00000, 0x0000000100000000)
  eden space 6144K, 0% used [0x00000000d5580000,0x00000000d5580000,0x00000000d5b80000)
  from space 1024K, 9% used [0x00000000d5b80000,0x00000000d5b98000,0x00000000d5c80000)
  to   space 512K, 0% used [0x00000000d5d80000,0x00000000d5d80000,0x00000000d5e00000)
 ParOldGen       total 809472K, used 809024K [0x0000000080000000, 0x00000000b1680000, 0x00000000d5580000)
  object space 809472K, 99% used [0x0000000080000000,0x00000000b16101a8,0x00000000b1680000)
 Metaspace       used 94908K, committed 96448K, reserved 1179648K
  class space    used 9226K, committed 9920K, reserved 1048576K
}
Event: 30179.453 GC heap before
{Heap before GC invocations=15621 (full 11):
 PSYoungGen      total 7168K, used 5795K [0x00000000d5580000, 0x00000000d5e00000, 0x0000000100000000)
  eden space 6144K, 92% used [0x00000000d5580000,0x00000000d5b10fa8,0x00000000d5b80000)
  from space 1024K, 9% used [0x00000000d5b80000,0x00000000d5b98000,0x00000000d5c80000)
  to   space 512K, 0% used [0x00000000d5d80000,0x00000000d5d80000,0x00000000d5e00000)
 ParOldGen       total 809472K, used 809024K [0x0000000080000000, 0x00000000b1680000, 0x00000000d5580000)
  object space 809472K, 99% used [0x0000000080000000,0x00000000b16101a8,0x00000000b1680000)
 Metaspace       used 94908K, committed 96448K, reserved 1179648K
  class space    used 9226K, committed 9920K, reserved 1048576K
}
Event: 30179.457 GC heap after
{Heap after GC invocations=15621 (full 11):
 PSYoungGen      total 8192K, used 96K [0x00000000d5580000, 0x00000000d5e00000, 0x0000000100000000)
  eden space 7680K, 0% used [0x00000000d5580000,0x00000000d5580000,0x00000000d5d00000)
  from space 512K, 18% used [0x00000000d5d80000,0x00000000d5d98000,0x00000000d5e00000)
  to   space 512K, 0% used [0x00000000d5d00000,0x00000000d5d00000,0x00000000d5d80000)
 ParOldGen       total 809472K, used 809024K [0x0000000080000000, 0x00000000b1680000, 0x00000000d5580000)
  object space 809472K, 99% used [0x0000000080000000,0x00000000b16101a8,0x00000000b1680000)
 Metaspace       used 94908K, committed 96448K, reserved 1179648K
  class space    used 9226K, committed 9920K, reserved 1048576K
}
Event: 30179.481 GC heap before
{Heap before GC invocations=15622 (full 11):
 PSYoungGen      total 8192K, used 7252K [0x00000000d5580000, 0x00000000d5e00000, 0x0000000100000000)
  eden space 7680K, 93% used [0x00000000d5580000,0x00000000d5c7d028,0x00000000d5d00000)
  from space 512K, 18% used [0x00000000d5d80000,0x00000000d5d98000,0x00000000d5e00000)
  to   space 512K, 0% used [0x00000000d5d00000,0x00000000d5d00000,0x00000000d5d80000)
 ParOldGen       total 809472K, used 809024K [0x0000000080000000, 0x00000000b1680000, 0x00000000d5580000)
  object space 809472K, 99% used [0x0000000080000000,0x00000000b16101a8,0x00000000b1680000)
 Metaspace       used 94908K, committed 96448K, reserved 1179648K
  class space    used 9226K, committed 9920K, reserved 1048576K
}
Event: 30179.485 GC heap after
{Heap after GC invocations=15622 (full 11):
 PSYoungGen      total 8192K, used 96K [0x00000000d5580000, 0x00000000d5e00000, 0x0000000100000000)
  eden space 7680K, 0% used [0x00000000d5580000,0x00000000d5580000,0x00000000d5d00000)
  from space 512K, 18% used [0x00000000d5d00000,0x00000000d5d18000,0x00000000d5d80000)
  to   space 512K, 0% used [0x00000000d5d80000,0x00000000d5d80000,0x00000000d5e00000)
 ParOldGen       total 809472K, used 809033K [0x0000000080000000, 0x00000000b1680000, 0x00000000d5580000)
  object space 809472K, 99% used [0x0000000080000000,0x00000000b16125b8,0x00000000b1680000)
 Metaspace       used 94908K, committed 96448K, reserved 1179648K
  class space    used 9226K, committed 9920K, reserved 1048576K
}
Event: 30179.518 GC heap before
{Heap before GC invocations=15623 (full 11):
 PSYoungGen      total 8192K, used 7776K [0x00000000d5580000, 0x00000000d5e00000, 0x0000000100000000)
  eden space 7680K, 100% used [0x00000000d5580000,0x00000000d5d00000,0x00000000d5d00000)
  from space 512K, 18% used [0x00000000d5d00000,0x00000000d5d18000,0x00000000d5d80000)
  to   space 512K, 0% used [0x00000000d5d80000,0x00000000d5d80000,0x00000000d5e00000)
 ParOldGen       total 809472K, used 809033K [0x0000000080000000, 0x00000000b1680000, 0x00000000d5580000)
  object space 809472K, 99% used [0x0000000080000000,0x00000000b16125b8,0x00000000b1680000)
 Metaspace       used 94909K, committed 96448K, reserved 1179648K
  class space    used 9226K, committed 9920K, reserved 1048576K
}
Event: 30179.523 GC heap after
{Heap after GC invocations=15623 (full 11):
 PSYoungGen      total 8192K, used 224K [0x00000000d5580000, 0x00000000d5e00000, 0x0000000100000000)
  eden space 7680K, 0% used [0x00000000d5580000,0x00000000d5580000,0x00000000d5d00000)
  from space 512K, 43% used [0x00000000d5d80000,0x00000000d5db8020,0x00000000d5e00000)
  to   space 512K, 0% used [0x00000000d5d00000,0x00000000d5d00000,0x00000000d5d80000)
 ParOldGen       total 809472K, used 809033K [0x0000000080000000, 0x00000000b1680000, 0x00000000d5580000)
  object space 809472K, 99% used [0x0000000080000000,0x00000000b16125b8,0x00000000b1680000)
 Metaspace       used 94909K, committed 96448K, reserved 1179648K
  class space    used 9226K, committed 9920K, reserved 1048576K
}
Event: 31108.156 GC heap before
{Heap before GC invocations=15624 (full 11):
 PSYoungGen      total 8192K, used 7904K [0x00000000d5580000, 0x00000000d5e00000, 0x0000000100000000)
  eden space 7680K, 100% used [0x00000000d5580000,0x00000000d5d00000,0x00000000d5d00000)
  from space 512K, 43% used [0x00000000d5d80000,0x00000000d5db8020,0x00000000d5e00000)
  to   space 512K, 0% used [0x00000000d5d00000,0x00000000d5d00000,0x00000000d5d80000)
 ParOldGen       total 809472K, used 809033K [0x0000000080000000, 0x00000000b1680000, 0x00000000d5580000)
  object space 809472K, 99% used [0x0000000080000000,0x00000000b16125b8,0x00000000b1680000)
 Metaspace       used 94909K, committed 96448K, reserved 1179648K
  class space    used 9226K, committed 9920K, reserved 1048576K
}
Event: 31108.167 GC heap after
{Heap after GC invocations=15624 (full 11):
 PSYoungGen      total 8192K, used 64K [0x00000000d5580000, 0x00000000d5e00000, 0x0000000100000000)
  eden space 7680K, 0% used [0x00000000d5580000,0x00000000d5580000,0x00000000d5d00000)
  from space 512K, 12% used [0x00000000d5d00000,0x00000000d5d10000,0x00000000d5d80000)
  to   space 512K, 0% used [0x00000000d5d80000,0x00000000d5d80000,0x00000000d5e00000)
 ParOldGen       total 809472K, used 809063K [0x0000000080000000, 0x00000000b1680000, 0x00000000d5580000)
  object space 809472K, 99% used [0x0000000080000000,0x00000000b1619ca8,0x00000000b1680000)
 Metaspace       used 94909K, committed 96448K, reserved 1179648K
  class space    used 9226K, committed 9920K, reserved 1048576K
}
Event: 31108.540 GC heap before
{Heap before GC invocations=15625 (full 11):
 PSYoungGen      total 8192K, used 7744K [0x00000000d5580000, 0x00000000d5e00000, 0x0000000100000000)
  eden space 7680K, 100% used [0x00000000d5580000,0x00000000d5d00000,0x00000000d5d00000)
  from space 512K, 12% used [0x00000000d5d00000,0x00000000d5d10000,0x00000000d5d80000)
  to   space 512K, 0% used [0x00000000d5d80000,0x00000000d5d80000,0x00000000d5e00000)
 ParOldGen       total 809472K, used 809063K [0x0000000080000000, 0x00000000b1680000, 0x00000000d5580000)
  object space 809472K, 99% used [0x0000000080000000,0x00000000b1619ca8,0x00000000b1680000)
 Metaspace       used 94909K, committed 96448K, reserved 1179648K
  class space    used 9226K, committed 9920K, reserved 1048576K
}
Event: 31108.547 GC heap after
{Heap after GC invocations=15625 (full 11):
 PSYoungGen      total 7168K, used 480K [0x00000000d5580000, 0x00000000d6000000, 0x0000000100000000)
  eden space 6656K, 0% used [0x00000000d5580000,0x00000000d5580000,0x00000000d5c00000)
  from space 512K, 93% used [0x00000000d5d80000,0x00000000d5df8098,0x00000000d5e00000)
  to   space 1536K, 0% used [0x00000000d5c00000,0x00000000d5c00000,0x00000000d5d80000)
 ParOldGen       total 809984K, used 809663K [0x0000000080000000, 0x00000000b1700000, 0x00000000d5580000)
  object space 809984K, 99% used [0x0000000080000000,0x00000000b16afcc8,0x00000000b1700000)
 Metaspace       used 94909K, committed 96448K, reserved 1179648K
  class space    used 9226K, committed 9920K, reserved 1048576K
}
Event: 31170.642 GC heap before
{Heap before GC invocations=15626 (full 11):
 PSYoungGen      total 7168K, used 7136K [0x00000000d5580000, 0x00000000d6000000, 0x0000000100000000)
  eden space 6656K, 100% used [0x00000000d5580000,0x00000000d5c00000,0x00000000d5c00000)
  from space 512K, 93% used [0x00000000d5d80000,0x00000000d5df8098,0x00000000d5e00000)
  to   space 1536K, 0% used [0x00000000d5c00000,0x00000000d5c00000,0x00000000d5d80000)
 ParOldGen       total 809984K, used 809663K [0x0000000080000000, 0x00000000b1700000, 0x00000000d5580000)
  object space 809984K, 99% used [0x0000000080000000,0x00000000b16afcc8,0x00000000b1700000)
 Metaspace       used 94909K, committed 96448K, reserved 1179648K
  class space    used 9226K, committed 9920K, reserved 1048576K
}
Event: 31170.650 GC heap after
{Heap after GC invocations=15626 (full 11):
 PSYoungGen      total 7680K, used 656K [0x00000000d5580000, 0x00000000d5e00000, 0x0000000100000000)
  eden space 6656K, 0% used [0x00000000d5580000,0x00000000d5580000,0x00000000d5c00000)
  from space 1024K, 64% used [0x00000000d5c00000,0x00000000d5ca4140,0x00000000d5d00000)
  to   space 1024K, 0% used [0x00000000d5d00000,0x00000000d5d00000,0x00000000d5e00000)
 ParOldGen       total 810496K, used 810096K [0x0000000080000000, 0x00000000b1780000, 0x00000000d5580000)
  object space 810496K, 99% used [0x0000000080000000,0x00000000b171c0d0,0x00000000b1780000)
 Metaspace       used 94909K, committed 96448K, reserved 1179648K
  class space    used 9226K, committed 9920K, reserved 1048576K
}

